#
# There is insufficient memory for the Java Runtime Environment to continue.
# Native memory allocation (malloc) failed to allocate 5905560 bytes. Error detail: Chunk::new
# Possible reasons:
#   The system is out of physical RAM or swap space
#   This process is running with CompressedOops enabled, and the Java Heap may be blocking the growth of the native heap
# Possible solutions:
#   Reduce memory load on the system
#   Increase physical memory or swap space
#   Check if swap backing store is full
#   Decrease Java heap size (-Xmx/-Xms)
#   Decrease number of Java threads
#   Decrease Java thread stack sizes (-Xss)
#   Set larger code cache with -XX:ReservedCodeCacheSize=
#   JVM is running with Zero Based Compressed Oops mode in which the Java heap is
#     placed in the first 32GB address space. The Java Heap base address is the
#     maximum limit for the native heap growth. Please use -XX:HeapBaseMinAddress
#     to set the Java Heap base and to place the Java Heap above 32GB virtual address.
# This output file may be truncated or incomplete.
#
#  Out of Memory Error (arena.cpp:186), pid=15572, tid=7972
#
# JRE version: Java(TM) SE Runtime Environment (25.0.2+10) (build 25.0.2+10-LTS-69)
# Java VM: Java HotSpot(TM) 64-Bit Server VM (25.0.2+10-LTS-69, mixed mode, sharing, tiered, compressed oops, compressed class ptrs, g1 gc, windows-amd64)
# No core dump will be written. Minidumps are not enabled by default on client versions of Windows
#

---------------  S U M M A R Y ------------

Command Line: -Dfile.encoding=IBM850 C:\Users\ILYEX\AppData\Local\Temp\surefire283035827093683555\surefirebooter-20260407053835899_3.jar C:\Users\ILYEX\AppData\Local\Temp\surefire283035827093683555 2026-04-07T05-38-35_216-jvmRun1 surefire-20260407053835899_1tmp surefire_0-20260407053835899_2tmp

Host: Intel(R) Core(TM) i5-8250U CPU @ 1.60GHz, 8 cores, 11G,  Windows 10 , 64 bit Build 19041 (10.0.19041.5915)
Time: Tue Apr  7 05:38:52 2026 Romance Standard Time elapsed time: 16.908033 seconds (0d 0h 0m 16s)

---------------  T H R E A D  ---------------

Current thread (0x000001c3ebad3ad0):  JavaThread "C2 CompilerThread1" daemon [_thread_in_native, id=7972, stack(0x0000001dd1100000,0x0000001dd1200000) (1024K)]


Current CompileTask:
C2:16908 8799   !   4       jdk.internal.loader.Resource::getBytes (170 bytes)

Stack: [0x0000001dd1100000,0x0000001dd1200000]
Native frames: (J=compiled Java code, j=interpreted, Vv=VM code, C=native code)
V  [jvm.dll+0x7a70f9]  (no source info available)
V  [jvm.dll+0x772d6d]  (no source info available)
V  [jvm.dll+0x965d53]  (no source info available)
V  [jvm.dll+0x968351]  (no source info available)
V  [jvm.dll+0x968a63]  (no source info available)
V  [jvm.dll+0x2fc846]  (no source info available)
V  [jvm.dll+0x111b16]  (no source info available)
V  [jvm.dll+0x111e3e]  (no source info available)
V  [jvm.dll+0x1a0872]  (no source info available)
V  [jvm.dll+0x3b54c2]  (no source info available)
V  [jvm.dll+0x7aca8f]  (no source info available)
V  [jvm.dll+0x2c0b97]  (no source info available)
V  [jvm.dll+0x2bfb5f]  (no source info available)
V  [jvm.dll+0x2379a0]  (no source info available)
V  [jvm.dll+0x2cfc86]  (no source info available)
V  [jvm.dll+0x2cdf05]  (no source info available)
V  [jvm.dll+0x48e9d1]  (no source info available)
V  [jvm.dll+0x906fcd]  (no source info available)
V  [jvm.dll+0x7a56d5]  (no source info available)
C  [ucrtbase.dll+0x21bb2]  (no source info available)
C  [KERNEL32.DLL+0x17374]  (no source info available)
C  [ntdll.dll+0x4cc91]  (no source info available)

Lock stack of current Java thread (top to bottom):


---------------  P R O C E S S  ---------------

Threads class SMR info:
_java_thread_list=0x000001c3f4e0b110, length=22, elements={
0x000001c3cb68c570, 0x000001c3ebabf580, 0x000001c3ebabffe0, 0x000001c3ebac1650,
0x000001c3ebac3570, 0x000001c3ebac4130, 0x000001c3ebaccd00, 0x000001c3ebad0210,
0x000001c3ebaf4700, 0x000001c3ebac7c20, 0x000001c3ebac7450, 0x000001c3ebacb2d0,
0x000001c3ebac5510, 0x000001c3f36a3790, 0x000001c3ebacab00, 0x000001c3ebad3ad0,
0x000001c3f2d014d0, 0x000001c3f2d01ca0, 0x000001c3ebad1a90, 0x000001c3f2d02c40,
0x000001c3f2cff590, 0x000001c3f2d043b0
}

Java Threads: ( => current thread )
  0x000001c3cb68c570 JavaThread "main"                              [_thread_in_native, id=5572, stack(0x0000001dcf900000,0x0000001dcfa00000) (1024K)]
  0x000001c3ebabf580 JavaThread "Reference Handler"          daemon [_thread_blocked, id=1360, stack(0x0000001dd0100000,0x0000001dd0200000) (1024K)]
  0x000001c3ebabffe0 JavaThread "Finalizer"                  daemon [_thread_blocked, id=12068, stack(0x0000001dd0200000,0x0000001dd0300000) (1024K)]
  0x000001c3ebac1650 JavaThread "Signal Dispatcher"          daemon [_thread_blocked, id=12628, stack(0x0000001dd0300000,0x0000001dd0400000) (1024K)]
  0x000001c3ebac3570 JavaThread "Attach Listener"            daemon [_thread_blocked, id=6448, stack(0x0000001dd0400000,0x0000001dd0500000) (1024K)]
  0x000001c3ebac4130 JavaThread "Service Thread"             daemon [_thread_blocked, id=9848, stack(0x0000001dd0500000,0x0000001dd0600000) (1024K)]
  0x000001c3ebaccd00 JavaThread "Monitor Deflation Thread"   daemon [_thread_blocked, id=4716, stack(0x0000001dd0600000,0x0000001dd0700000) (1024K)]
  0x000001c3ebad0210 JavaThread "C2 CompilerThread0"         daemon [_thread_blocked, id=11260, stack(0x0000001dd0700000,0x0000001dd0800000) (1024K)]
  0x000001c3ebaf4700 JavaThread "C1 CompilerThread0"         daemon [_thread_blocked, id=14712, stack(0x0000001dd0800000,0x0000001dd0900000) (1024K)]
  0x000001c3ebac7c20 JavaThread "Notification Thread"        daemon [_thread_blocked, id=4664, stack(0x0000001dd0900000,0x0000001dd0a00000) (1024K)]
  0x000001c3ebac7450 JavaThread "Common-Cleaner"             daemon [_thread_blocked, id=15476, stack(0x0000001dd0a00000,0x0000001dd0b00000) (1024K)]
  0x000001c3ebacb2d0 JavaThread "surefire-forkedjvm-stream-flusher" daemon [_thread_blocked, id=1900, stack(0x0000001dd0c00000,0x0000001dd0d00000) (1024K)]
  0x000001c3ebac5510 JavaThread "surefire-forkedjvm-command-thread" daemon [_thread_in_native, id=4600, stack(0x0000001dd0d00000,0x0000001dd0e00000) (1024K)]
  0x000001c3f36a3790 JavaThread "HikariPool-1:housekeeper"   daemon [_thread_blocked, id=5428, stack(0x0000001dd0b00000,0x0000001dd0c00000) (1024K)]
  0x000001c3ebacab00 JavaThread "spring.cloud.inetutils"     daemon [_thread_in_native, id=14488, stack(0x0000001dd1900000,0x0000001dd1a00000) (1024K)]
=>0x000001c3ebad3ad0 JavaThread "C2 CompilerThread1"         daemon [_thread_in_native, id=7972, stack(0x0000001dd1100000,0x0000001dd1200000) (1024K)]
  0x000001c3f2d014d0 JavaThread "spectator-gauge-polling-0"  daemon [_thread_blocked, id=12156, stack(0x0000001dd1200000,0x0000001dd1300000) (1024K)]
  0x000001c3f2d01ca0 JavaThread "AsyncResolver-bootstrap-%d" daemon [_thread_blocked, id=3244, stack(0x0000001dd1800000,0x0000001dd1900000) (1024K)]
  0x000001c3ebad1a90 JavaThread "C2 CompilerThread2"         daemon [_thread_blocked, id=13496, stack(0x0000001dd1a00000,0x0000001dd1b00000) (1024K)]
  0x000001c3f2d02c40 JavaThread "DiscoveryClient-%d"         daemon [_thread_blocked, id=5536, stack(0x0000001dd1c00000,0x0000001dd1d00000) (1024K)]
  0x000001c3f2cff590 JavaThread "DiscoveryClient-%d"         daemon [_thread_blocked, id=6688, stack(0x0000001dd1d00000,0x0000001dd1e00000) (1024K)]
  0x000001c3f2d043b0 JavaThread "DiscoveryClient-InstanceInfoReplicator-%d" daemon [_thread_blocked, id=1532, stack(0x0000001dd1e00000,0x0000001dd1f00000) (1024K)]
Total: 22

Other Threads:
  0x000001c3ebaaf170 VMThread "VM Thread"                           [id=10196, stack(0x0000001dd0000000,0x0000001dd0100000) (1024K)]
  0x000001c3cda4e790 WatcherThread "VM Periodic Task Thread"        [id=14800, stack(0x0000001dcff00000,0x0000001dd0000000) (1024K)]
  0x000001c3cd9daaa0 WorkerThread "GC Thread#0"                     [id=13464, stack(0x0000001dcfa00000,0x0000001dcfb00000) (1024K)]
  0x000001c3f12e9e20 WorkerThread "GC Thread#1"                     [id=1624, stack(0x0000001dd0e00000,0x0000001dd0f00000) (1024K)]
  0x000001c3f0e46e20 WorkerThread "GC Thread#2"                     [id=15408, stack(0x0000001dd0f00000,0x0000001dd1000000) (1024K)]
  0x000001c3f0f45480 WorkerThread "GC Thread#3"                     [id=9264, stack(0x0000001dd1000000,0x0000001dd1100000) (1024K)]
  0x000001c3f18ccdd0 WorkerThread "GC Thread#4"                     [id=6116, stack(0x0000001dd1300000,0x0000001dd1400000) (1024K)]
  0x000001c3f18cf050 WorkerThread "GC Thread#5"                     [id=14048, stack(0x0000001dd1400000,0x0000001dd1500000) (1024K)]
  0x000001c3f18ce7b0 WorkerThread "GC Thread#6"                     [id=13004, stack(0x0000001dd1500000,0x0000001dd1600000) (1024K)]
  0x000001c3f18cec00 WorkerThread "GC Thread#7"                     [id=16368, stack(0x0000001dd1600000,0x0000001dd1700000) (1024K)]
  0x000001c3cd9edab0 ConcurrentGCThread "G1 Main Marker"            [id=15660, stack(0x0000001dcfb00000,0x0000001dcfc00000) (1024K)]
  0x000001c3cd9ef200 WorkerThread "G1 Conc#0"                       [id=11804, stack(0x0000001dcfc00000,0x0000001dcfd00000) (1024K)]
  0x000001c3f18cc530 WorkerThread "G1 Conc#1"                       [id=3556, stack(0x0000001dd1700000,0x0000001dd1800000) (1024K)]
  0x000001c3cda38ea0 ConcurrentGCThread "G1 Refine#0"               [id=13472, stack(0x0000001dcfd00000,0x0000001dcfe00000) (1024K)]
  0x000001c3cda3aac0 ConcurrentGCThread "G1 Service"                [id=828, stack(0x0000001dcfe00000,0x0000001dcff00000) (1024K)]
Total: 15

Threads with active compile tasks:
C2 CompilerThread1  16982 8799   !   4       jdk.internal.loader.Resource::getBytes (170 bytes)
Total: 1

VM state: not at safepoint (normal execution)

VM Mutex/Monitor currently owned by a thread: None

Heap address: 0x0000000741800000, size: 3048 MB, Compressed Oops mode: Zero based, Oop shift amount: 3

CDS archive(s) mapped at: [0x0000000009000000-0x0000000009dd0000-0x0000000009dd0000), size 14483456, SharedBaseAddress: 0x0000000009000000, ArchiveRelocationMode: 1.
Compressed class space mapped at: 0x000000000a000000-0x000000004a000000, reserved size: 1073741824
UseCompressedClassPointers 1, UseCompactObjectHeaders 0
Narrow klass pointer bits 32, Max shift 3
Narrow klass base: 0x0000000009000000, Narrow klass shift: 0
Encoding Range: [0x0000000009000000 - 0x0000000109000000), (4294967296 bytes)
Klass Range:    [0x0000000009010000 - 0x000000004a000000), (1090453504 bytes)
Klass ID Range:  [65536 - 1090519033) (1090453497)
Protection zone: [0x0000000009000000 - 0x0000000009010000), (65536 bytes)

GC Precious Log:
 CardTable entry size: 512
 Card Set container configuration: InlinePtr #cards 4 size 8 Array Of Cards #cards 16 size 48 Howl #buckets 8 coarsen threshold 3686 Howl Bitmap #cards 512 size 80 coarsen threshold 460 Card regions per heap region 1 cards per card region 4096
 CPUs: 8 total, 8 available
 Memory: 12190M
 Large Page Support: Disabled
 NUMA Support: Disabled
 Compressed Oops: Enabled (Zero based)
 Heap Region Size: 2M
 Heap Min Capacity: 8M
 Heap Initial Capacity: 192M
 Heap Max Capacity: 3048M
 Pre-touch: Disabled
 Parallel Workers: 8
 Concurrent Workers: 2
 Concurrent Refinement Workers: 8
 Periodic GC: Disabled

Heap:
 garbage-first heap   total reserved 3121152K, committed 139264K, used 68852K [0x0000000741800000, 0x0000000800000000)
  region size 2048K, 11 young (22528K), 4 survivors (8192K)

Heap Regions: E=young(eden), S=young(survivor), O=old, HS=humongous(starts), HC=humongous(continues), CS=collection set, F=free, TAMS=top-at-mark-start, PB=parsable bottom
|   0|0x0000000741800000, 0x0000000741a00000, 0x0000000741a00000|100%| O|  |TAMS 0x0000000741800000| PB 0x0000000741800000| Untracked |  0
|   1|0x0000000741a00000, 0x0000000741c00000, 0x0000000741c00000|100%| O|  |TAMS 0x0000000741a00000| PB 0x0000000741a00000| Untracked |  0
|   2|0x0000000741c00000, 0x0000000741c00000, 0x0000000741e00000|  0%| F|  |TAMS 0x0000000741c00000| PB 0x0000000741c00000| Untracked |  0
|   3|0x0000000741e00000, 0x0000000742000000, 0x0000000742000000|100%| O|  |TAMS 0x0000000741e00000| PB 0x0000000741e00000| Untracked |  0
|   4|0x0000000742000000, 0x0000000742200000, 0x0000000742200000|100%| O|  |TAMS 0x0000000742000000| PB 0x0000000742000000| Untracked |  0
|   5|0x0000000742200000, 0x0000000742400000, 0x0000000742400000|100%| O|  |TAMS 0x0000000742200000| PB 0x0000000742200000| Untracked |  0
|   6|0x0000000742400000, 0x0000000742600000, 0x0000000742600000|100%| O|  |TAMS 0x0000000742400000| PB 0x0000000742400000| Untracked |  0
|   7|0x0000000742600000, 0x0000000742800000, 0x0000000742800000|100%| O|  |TAMS 0x0000000742600000| PB 0x0000000742600000| Untracked |  0
|   8|0x0000000742800000, 0x0000000742a00000, 0x0000000742a00000|100%| O|  |TAMS 0x0000000742800000| PB 0x0000000742800000| Untracked |  0
|   9|0x0000000742a00000, 0x0000000742c00000, 0x0000000742c00000|100%| O|  |TAMS 0x0000000742a00000| PB 0x0000000742a00000| Untracked |  0
|  10|0x0000000742c00000, 0x0000000742c00000, 0x0000000742e00000|  0%| F|  |TAMS 0x0000000742c00000| PB 0x0000000742c00000| Untracked |  0
|  11|0x0000000742e00000, 0x0000000743000000, 0x0000000743000000|100%| O|  |TAMS 0x0000000742e00000| PB 0x0000000742e00000| Untracked |  0
|  12|0x0000000743000000, 0x0000000743200000, 0x0000000743200000|100%| O|  |TAMS 0x0000000743000000| PB 0x0000000743000000| Untracked |  0
|  13|0x0000000743200000, 0x0000000743400000, 0x0000000743400000|100%| O|  |TAMS 0x0000000743200000| PB 0x0000000743200000| Untracked |  0
|  14|0x0000000743400000, 0x0000000743600000, 0x0000000743600000|100%| O|  |TAMS 0x0000000743400000| PB 0x0000000743400000| Untracked |  0
|  15|0x0000000743600000, 0x0000000743800000, 0x0000000743800000|100%| O|  |TAMS 0x0000000743600000| PB 0x0000000743600000| Untracked |  0
|  16|0x0000000743800000, 0x0000000743a00000, 0x0000000743a00000|100%| O|  |TAMS 0x0000000743800000| PB 0x0000000743800000| Untracked |  0
|  17|0x0000000743a00000, 0x0000000743c00000, 0x0000000743c00000|100%| O|  |TAMS 0x0000000743a00000| PB 0x0000000743a00000| Untracked |  0
|  18|0x0000000743c00000, 0x0000000743e00000, 0x0000000743e00000|100%| S|CS|TAMS 0x0000000743c00000| PB 0x0000000743c00000| Complete |  0
|  19|0x0000000743e00000, 0x0000000744000000, 0x0000000744000000|100%| S|CS|TAMS 0x0000000743e00000| PB 0x0000000743e00000| Complete |  0
|  20|0x0000000744000000, 0x0000000744200000, 0x0000000744200000|100%| O|  |TAMS 0x0000000744000000| PB 0x0000000744000000| Untracked |  0
|  21|0x0000000744200000, 0x0000000744400000, 0x0000000744400000|100%| O|  |TAMS 0x0000000744200000| PB 0x0000000744200000| Untracked |  0
|  22|0x0000000744400000, 0x0000000744600000, 0x0000000744600000|100%| O|  |TAMS 0x0000000744400000| PB 0x0000000744400000| Untracked |  0
|  23|0x0000000744600000, 0x0000000744800000, 0x0000000744800000|100%| S|CS|TAMS 0x0000000744600000| PB 0x0000000744600000| Complete |  0
|  24|0x0000000744800000, 0x0000000744800000, 0x0000000744a00000|  0%| F|  |TAMS 0x0000000744800000| PB 0x0000000744800000| Untracked |  0
|  25|0x0000000744a00000, 0x0000000744a00000, 0x0000000744c00000|  0%| F|  |TAMS 0x0000000744a00000| PB 0x0000000744a00000| Untracked |  0
|  26|0x0000000744c00000, 0x0000000744c00000, 0x0000000744e00000|  0%| F|  |TAMS 0x0000000744c00000| PB 0x0000000744c00000| Untracked |  0
|  27|0x0000000744e00000, 0x0000000744e00000, 0x0000000745000000|  0%| F|  |TAMS 0x0000000744e00000| PB 0x0000000744e00000| Untracked |  0
|  28|0x0000000745000000, 0x0000000745000000, 0x0000000745200000|  0%| F|  |TAMS 0x0000000745000000| PB 0x0000000745000000| Untracked |  0
|  29|0x0000000745200000, 0x0000000745200000, 0x0000000745400000|  0%| F|  |TAMS 0x0000000745200000| PB 0x0000000745200000| Untracked |  0
|  30|0x0000000745400000, 0x0000000745400000, 0x0000000745600000|  0%| F|  |TAMS 0x0000000745400000| PB 0x0000000745400000| Untracked |  0
|  31|0x0000000745600000, 0x0000000745600000, 0x0000000745800000|  0%| F|  |TAMS 0x0000000745600000| PB 0x0000000745600000| Untracked |  0
|  32|0x0000000745800000, 0x0000000745800000, 0x0000000745a00000|  0%| F|  |TAMS 0x0000000745800000| PB 0x0000000745800000| Untracked |  0
|  33|0x0000000745a00000, 0x0000000745a00000, 0x0000000745c00000|  0%| F|  |TAMS 0x0000000745a00000| PB 0x0000000745a00000| Untracked |  0
|  34|0x0000000745c00000, 0x0000000745c00000, 0x0000000745e00000|  0%| F|  |TAMS 0x0000000745c00000| PB 0x0000000745c00000| Untracked |  0
|  35|0x0000000745e00000, 0x0000000745e00000, 0x0000000746000000|  0%| F|  |TAMS 0x0000000745e00000| PB 0x0000000745e00000| Untracked |  0
|  36|0x0000000746000000, 0x0000000746000000, 0x0000000746200000|  0%| F|  |TAMS 0x0000000746000000| PB 0x0000000746000000| Untracked |  0
|  37|0x0000000746200000, 0x0000000746200000, 0x0000000746400000|  0%| F|  |TAMS 0x0000000746200000| PB 0x0000000746200000| Untracked |  0
|  38|0x0000000746400000, 0x0000000746400000, 0x0000000746600000|  0%| F|  |TAMS 0x0000000746400000| PB 0x0000000746400000| Untracked |  0
|  39|0x0000000746600000, 0x0000000746600000, 0x0000000746800000|  0%| F|  |TAMS 0x0000000746600000| PB 0x0000000746600000| Untracked |  0
|  40|0x0000000746800000, 0x0000000746800000, 0x0000000746a00000|  0%| F|  |TAMS 0x0000000746800000| PB 0x0000000746800000| Untracked |  0
|  41|0x0000000746a00000, 0x0000000746a00000, 0x0000000746c00000|  0%| F|  |TAMS 0x0000000746a00000| PB 0x0000000746a00000| Untracked |  0
|  42|0x0000000746c00000, 0x0000000746c00000, 0x0000000746e00000|  0%| F|  |TAMS 0x0000000746c00000| PB 0x0000000746c00000| Untracked |  0
|  43|0x0000000746e00000, 0x0000000746e00000, 0x0000000747000000|  0%| F|  |TAMS 0x0000000746e00000| PB 0x0000000746e00000| Untracked |  0
|  44|0x0000000747000000, 0x0000000747000000, 0x0000000747200000|  0%| F|  |TAMS 0x0000000747000000| PB 0x0000000747000000| Untracked |  0
|  45|0x0000000747200000, 0x0000000747200000, 0x0000000747400000|  0%| F|  |TAMS 0x0000000747200000| PB 0x0000000747200000| Untracked |  0
|  46|0x0000000747400000, 0x0000000747400000, 0x0000000747600000|  0%| F|  |TAMS 0x0000000747400000| PB 0x0000000747400000| Untracked |  0
|  47|0x0000000747600000, 0x0000000747600000, 0x0000000747800000|  0%| F|  |TAMS 0x0000000747600000| PB 0x0000000747600000| Untracked |  0
|  48|0x0000000747800000, 0x0000000747800000, 0x0000000747a00000|  0%| F|  |TAMS 0x0000000747800000| PB 0x0000000747800000| Untracked |  0
|  49|0x0000000747a00000, 0x0000000747a00000, 0x0000000747c00000|  0%| F|  |TAMS 0x0000000747a00000| PB 0x0000000747a00000| Untracked |  0
|  50|0x0000000747c00000, 0x0000000747c00000, 0x0000000747e00000|  0%| F|  |TAMS 0x0000000747c00000| PB 0x0000000747c00000| Untracked |  0
|  51|0x0000000747e00000, 0x0000000747e00000, 0x0000000748000000|  0%| F|  |TAMS 0x0000000747e00000| PB 0x0000000747e00000| Untracked |  0
|  52|0x0000000748000000, 0x0000000748000000, 0x0000000748200000|  0%| F|  |TAMS 0x0000000748000000| PB 0x0000000748000000| Untracked |  0
|  53|0x0000000748200000, 0x0000000748271528, 0x0000000748400000| 22%| S|CS|TAMS 0x0000000748200000| PB 0x0000000748200000| Complete |  0
|  55|0x0000000748600000, 0x0000000748600000, 0x0000000748800000|  0%| F|  |TAMS 0x0000000748600000| PB 0x0000000748600000| Untracked |  0
|  56|0x0000000748800000, 0x0000000748900000, 0x0000000748a00000| 50%| E|  |TAMS 0x0000000748800000| PB 0x0000000748800000| Complete |  0
|  57|0x0000000748a00000, 0x0000000748c00000, 0x0000000748c00000|100%| E|CS|TAMS 0x0000000748a00000| PB 0x0000000748a00000| Complete |  0
|  58|0x0000000748c00000, 0x0000000748e00000, 0x0000000748e00000|100%| E|CS|TAMS 0x0000000748c00000| PB 0x0000000748c00000| Complete |  0
|  59|0x0000000748e00000, 0x0000000749000000, 0x0000000749000000|100%| E|CS|TAMS 0x0000000748e00000| PB 0x0000000748e00000| Complete |  0
|  60|0x0000000749000000, 0x0000000749200000, 0x0000000749200000|100%| E|CS|TAMS 0x0000000749000000| PB 0x0000000749000000| Complete |  0
|  95|0x000000074d600000, 0x000000074d800000, 0x000000074d800000|100%| E|CS|TAMS 0x000000074d600000| PB 0x000000074d600000| Complete |  0
|1517|0x00000007ff200000, 0x00000007ff2cbc10, 0x00000007ff400000| 39%| O|  |TAMS 0x00000007ff200000| PB 0x00000007ff200000| Untracked |  0
|1518|0x00000007ff400000, 0x00000007ff600000, 0x00000007ff600000|100%| O|  |TAMS 0x00000007ff400000| PB 0x00000007ff400000| Untracked |  0
|1519|0x00000007ff600000, 0x00000007ff800000, 0x00000007ff800000|100%| O|  |TAMS 0x00000007ff600000| PB 0x00000007ff600000| Untracked |  0
|1520|0x00000007ff800000, 0x00000007ffa00000, 0x00000007ffa00000|100%| O|  |TAMS 0x00000007ff800000| PB 0x00000007ff800000| Untracked |  0
|1521|0x00000007ffa00000, 0x00000007ffc00000, 0x00000007ffc00000|100%| O|  |TAMS 0x00000007ffa00000| PB 0x00000007ffa00000| Untracked |  0
|1522|0x00000007ffc00000, 0x00000007ffe00000, 0x00000007ffe00000|100%| O|  |TAMS 0x00000007ffc00000| PB 0x00000007ffc00000| Untracked |  0
|1523|0x00000007ffe00000, 0x0000000800000000, 0x0000000800000000|100%| E|CS|TAMS 0x00000007ffe00000| PB 0x00000007ffe00000| Complete |  0

Card table byte_map: [0x000001c3e5b60000,0x000001c3e6160000] _byte_map_base: 0x000001c3e2154000

Marking Bits: (CMBitMap*) 0x000001c3cd9db230
 Bits: [0x000001c3e6160000, 0x000001c3e9100000)

Polling page: 0x000001c3cb7c0000

Metaspace:
Metaspace        used 92044K, committed 92800K, reserved 1179648K
 class space     used 13315K, committed 13632K, reserved 1048576K

Usage:
  Non-class:     76.88 MB used.
      Class:     13.00 MB used.
       Both:     89.89 MB used.

Virtual space:
  Non-class space:      128.00 MB reserved,      77.31 MB ( 60%) committed,  2 nodes.
      Class space:        1.00 GB reserved,      13.31 MB (  1%) committed,  1 nodes.
             Both:        1.12 GB reserved,      90.62 MB (  8%) committed. 

Chunk freelists:
   Non-Class:  2.72 MB
       Class:  2.72 MB
        Both:  5.44 MB

MaxMetaspaceSize: unlimited
CompressedClassSpaceSize: 1.00 GB
Initial GC threshold: 21.00 MB
Current GC threshold: 134.00 MB
CDS: on
 - commit_granule_bytes: 65536.
 - commit_granule_words: 8192.
 - virtual_space_node_default_size: 8388608.
 - enlarge_chunks_in_place: 1.
UseCompressedClassPointers 1, UseCompactObjectHeaders 0
Narrow klass pointer bits 32, Max shift 3
Narrow klass base: 0x0000000009000000, Narrow klass shift: 0
Encoding Range: [0x0000000009000000 - 0x0000000109000000), (4294967296 bytes)
Klass Range:    [0x0000000009010000 - 0x000000004a000000), (1090453504 bytes)
Klass ID Range:  [65536 - 1090519033) (1090453497)
Protection zone: [0x0000000009000000 - 0x0000000009010000), (65536 bytes)


Internal statistics:

num_allocs_failed_limit: 9.
num_arena_births: 1140.
num_arena_deaths: 0.
num_vsnodes_births: 3.
num_vsnodes_deaths: 0.
num_space_committed: 1450.
num_space_uncommitted: 0.
num_chunks_returned_to_freelist: 9.
num_chunks_taken_from_freelist: 4531.
num_chunk_merges: 9.
num_chunk_splits: 3307.
num_chunks_enlarged: 2729.
num_inconsistent_stats: 0.

CodeHeap 'non-profiled nmethods': size=120064Kb used=4822Kb max_used=4822Kb free=115241Kb
 bounds [0x000001c3ddce0000, 0x000001c3de1a0000, 0x000001c3e5220000]
CodeHeap 'profiled nmethods': size=120000Kb used=10977Kb max_used=10977Kb free=109022Kb
 bounds [0x000001c3d6220000, 0x000001c3d6ce0000, 0x000001c3dd750000]
CodeHeap 'non-nmethods': size=5696Kb used=1698Kb max_used=1760Kb free=3997Kb
 bounds [0x000001c3dd750000, 0x000001c3dd9c0000, 0x000001c3ddce0000]
CodeCache: size=245760Kb, used=17497Kb, max_used=17559Kb, free=228260Kb
 total_blobs=8248, nmethods=7434, adapters=716, full_count=0
Compilation: enabled, stopped_count=0, restarted_count=0

Compilation events (20 events):
Event: 16.705 Thread 0x000001c3ebaf4700 8793       3       java.lang.Class::hasEnclosingMethodInfo (17 bytes)
Event: 16.705 Thread 0x000001c3ebaf4700 nmethod 8793 0x000001c3d6cd5f08 code [0x000001c3d6cd6000, 0x000001c3d6cd61c0]
Event: 16.705 Thread 0x000001c3ebad1a90 8794       4       jdk.internal.classfile.impl.AbstractPoolEntry$Utf8EntryImpl::charAt (62 bytes)
Event: 16.707 Thread 0x000001c3ebad1a90 nmethod 8794 0x000001c3de193188 code [0x000001c3de193280, 0x000001c3de1933f0]
Event: 16.709 Thread 0x000001c3ebad1a90 8795       4       java.lang.invoke.MethodHandles$Lookup::isClassAccessible (53 bytes)
Event: 16.709 Thread 0x000001c3ebaf4700 8796       3       org.springframework.context.event.AbstractApplicationEventMulticaster::supportsEvent (56 bytes)
Event: 16.709 Thread 0x000001c3ebaf4700 nmethod 8796 0x000001c3d6cd6208 code [0x000001c3d6cd6300, 0x000001c3d6cd6bb8]
Event: 16.709 Thread 0x000001c3ebaf4700 8797       3       java.util.AbstractSet::hashCode (39 bytes)
Event: 16.709 Thread 0x000001c3ebaf4700 nmethod 8797 0x000001c3d6cd6c08 code [0x000001c3d6cd6d00, 0x000001c3d6cd71f8]
Event: 16.714 Thread 0x000001c3ebad1a90 nmethod 8795 0x000001c3de193488 code [0x000001c3de193580, 0x000001c3de1939b0]
Event: 16.716 Thread 0x000001c3ebad3ad0 nmethod 8786 0x000001c3de193a08 code [0x000001c3de193b00, 0x000001c3de1955e8]
Event: 16.732 Thread 0x000001c3ebaf4700 8798       3       java.lang.invoke.BoundMethodHandle$Species_L::copyWith (14 bytes)
Event: 16.733 Thread 0x000001c3ebaf4700 nmethod 8798 0x000001c3d6cd7208 code [0x000001c3d6cd7300, 0x000001c3d6cd7578]
Event: 16.741 Thread 0x000001c3ebad3ad0 8799   !   4       jdk.internal.loader.Resource::getBytes (170 bytes)
Event: 16.744 Thread 0x000001c3ebaf4700 8800       3       java.lang.Class::getProtectionDomain (16 bytes)
Event: 16.744 Thread 0x000001c3ebaf4700 nmethod 8800 0x000001c3d6cd7588 code [0x000001c3d6cd7680, 0x000001c3d6cd77f0]
Event: 16.749 Thread 0x000001c3ebaf4700 8802       3       java.lang.invoke.LambdaForm::create (12 bytes)
Event: 16.749 Thread 0x000001c3ebaf4700 nmethod 8802 0x000001c3d6cd7888 code [0x000001c3d6cd7980, 0x000001c3d6cd7aa0]
Event: 16.752 Thread 0x000001c3ebaf4700 8803  s    3       java.io.BufferedOutputStream::write (71 bytes)
Event: 16.753 Thread 0x000001c3ebaf4700 nmethod 8803 0x000001c3d6cd7b88 code [0x000001c3d6cd7c80, 0x000001c3d6cd84d0]

GC Heap Usage History (20 events):
Event: 7.919 {heap Before GC invocations=9 (full 0):
 garbage-first heap   total reserved 3121152K, committed 90112K, used 67126K [0x0000000741800000, 0x0000000800000000)
  region size 2048K, 20 young (40960K), 3 survivors (6144K)
}
Event: 7.929 {heap After GC invocations=10 (full 0):
 garbage-first heap   total reserved 3121152K, committed 108544K, used 36368K [0x0000000741800000, 0x0000000800000000)
  region size 2048K, 3 young (6144K), 3 survivors (6144K)
}
Event: 8.795 {heap Before GC invocations=11 (full 0):
 garbage-first heap   total reserved 3121152K, committed 108544K, used 89616K [0x0000000741800000, 0x0000000800000000)
  region size 2048K, 29 young (59392K), 3 survivors (6144K)
}
Event: 8.810 {heap After GC invocations=12 (full 0):
 garbage-first heap   total reserved 3121152K, committed 108544K, used 39099K [0x0000000741800000, 0x0000000800000000)
  region size 2048K, 4 young (8192K), 4 survivors (8192K)
}
Event: 9.408 {heap Before GC invocations=12 (full 0):
 garbage-first heap   total reserved 3121152K, committed 108544K, used 92347K [0x0000000741800000, 0x0000000800000000)
  region size 2048K, 30 young (61440K), 4 survivors (8192K)
}
Event: 9.427 {heap After GC invocations=13 (full 0):
 garbage-first heap   total reserved 3121152K, committed 108544K, used 41307K [0x0000000741800000, 0x0000000800000000)
  region size 2048K, 3 young (6144K), 3 survivors (6144K)
}
Event: 10.906 {heap Before GC invocations=13 (full 0):
 garbage-first heap   total reserved 3121152K, committed 108544K, used 92507K [0x0000000741800000, 0x0000000800000000)
  region size 2048K, 28 young (57344K), 3 survivors (6144K)
}
Event: 10.919 {heap After GC invocations=14 (full 0):
 garbage-first heap   total reserved 3121152K, committed 108544K, used 44060K [0x0000000741800000, 0x0000000800000000)
  region size 2048K, 3 young (6144K), 3 survivors (6144K)
}
Event: 11.510 {heap Before GC invocations=14 (full 0):
 garbage-first heap   total reserved 3121152K, committed 108544K, used 95260K [0x0000000741800000, 0x0000000800000000)
  region size 2048K, 28 young (57344K), 3 survivors (6144K)
}
Event: 11.522 {heap After GC invocations=15 (full 0):
 garbage-first heap   total reserved 3121152K, committed 108544K, used 46020K [0x0000000741800000, 0x0000000800000000)
  region size 2048K, 3 young (6144K), 3 survivors (6144K)
}
Event: 12.157 {heap Before GC invocations=16 (full 0):
 garbage-first heap   total reserved 3121152K, committed 108544K, used 97220K [0x0000000741800000, 0x0000000800000000)
  region size 2048K, 28 young (57344K), 3 survivors (6144K)
}
Event: 12.169 {heap After GC invocations=17 (full 0):
 garbage-first heap   total reserved 3121152K, committed 108544K, used 48557K [0x0000000741800000, 0x0000000800000000)
  region size 2048K, 3 young (6144K), 3 survivors (6144K)
}
Event: 12.924 {heap Before GC invocations=17 (full 0):
 garbage-first heap   total reserved 3121152K, committed 108544K, used 93613K [0x0000000741800000, 0x0000000800000000)
  region size 2048K, 26 young (53248K), 3 survivors (6144K)
}
Event: 12.954 {heap After GC invocations=18 (full 0):
 garbage-first heap   total reserved 3121152K, committed 108544K, used 49449K [0x0000000741800000, 0x0000000800000000)
  region size 2048K, 3 young (6144K), 3 survivors (6144K)
}
Event: 13.761 {heap Before GC invocations=18 (full 0):
 garbage-first heap   total reserved 3121152K, committed 108544K, used 98601K [0x0000000741800000, 0x0000000800000000)
  region size 2048K, 27 young (55296K), 3 survivors (6144K)
}
Event: 13.792 {heap After GC invocations=19 (full 0):
 garbage-first heap   total reserved 3121152K, committed 133120K, used 52431K [0x0000000741800000, 0x0000000800000000)
  region size 2048K, 4 young (8192K), 4 survivors (8192K)
}
Event: 14.594 {heap Before GC invocations=20 (full 0):
 garbage-first heap   total reserved 3121152K, committed 133120K, used 120015K [0x0000000741800000, 0x0000000800000000)
  region size 2048K, 37 young (75776K), 4 survivors (8192K)
}
Event: 14.611 {heap After GC invocations=21 (full 0):
 garbage-first heap   total reserved 3121152K, committed 133120K, used 55002K [0x0000000741800000, 0x0000000800000000)
  region size 2048K, 4 young (8192K), 4 survivors (8192K)
}
Event: 16.425 {heap Before GC invocations=21 (full 0):
 garbage-first heap   total reserved 3121152K, committed 133120K, used 122586K [0x0000000741800000, 0x0000000800000000)
  region size 2048K, 37 young (75776K), 4 survivors (8192K)
}
Event: 16.449 {heap After GC invocations=22 (full 0):
 garbage-first heap   total reserved 3121152K, committed 139264K, used 56564K [0x0000000741800000, 0x0000000800000000)
  region size 2048K, 4 young (8192K), 4 survivors (8192K)
}

Metaspace Usage History (20 events):
Event: 7.919 {metaspace Before GC invocations=9 (full 0):
 Metaspace       used 60385K, committed 60800K, reserved 1114112K
  class space    used 8408K, committed 8640K, reserved 1048576K
}
Event: 7.929 {metaspace After GC invocations=10 (full 0):
 Metaspace       used 60385K, committed 60800K, reserved 1114112K
  class space    used 8408K, committed 8640K, reserved 1048576K
}
Event: 8.795 {metaspace Before GC invocations=11 (full 0):
 Metaspace       used 67695K, committed 68160K, reserved 1114112K
  class space    used 9665K, committed 9856K, reserved 1048576K
}
Event: 8.810 {metaspace After GC invocations=12 (full 0):
 Metaspace       used 67695K, committed 68160K, reserved 1114112K
  class space    used 9665K, committed 9856K, reserved 1048576K
}
Event: 9.408 {metaspace Before GC invocations=12 (full 0):
 Metaspace       used 69407K, committed 69888K, reserved 1114112K
  class space    used 9965K, committed 10176K, reserved 1048576K
}
Event: 9.427 {metaspace After GC invocations=13 (full 0):
 Metaspace       used 69407K, committed 69888K, reserved 1114112K
  class space    used 9965K, committed 10176K, reserved 1048576K
}
Event: 10.906 {metaspace Before GC invocations=13 (full 0):
 Metaspace       used 70473K, committed 71040K, reserved 1114112K
  class space    used 10134K, committed 10368K, reserved 1048576K
}
Event: 10.919 {metaspace After GC invocations=14 (full 0):
 Metaspace       used 70473K, committed 71040K, reserved 1114112K
  class space    used 10134K, committed 10368K, reserved 1048576K
}
Event: 11.510 {metaspace Before GC invocations=14 (full 0):
 Metaspace       used 72398K, committed 72960K, reserved 1114112K
  class space    used 10439K, committed 10688K, reserved 1048576K
}
Event: 11.522 {metaspace After GC invocations=15 (full 0):
 Metaspace       used 72398K, committed 72960K, reserved 1114112K
  class space    used 10439K, committed 10688K, reserved 1048576K
}
Event: 12.157 {metaspace Before GC invocations=16 (full 0):
 Metaspace       used 75203K, committed 75712K, reserved 1114112K
  class space    used 10855K, committed 11072K, reserved 1048576K
}
Event: 12.169 {metaspace After GC invocations=17 (full 0):
 Metaspace       used 75203K, committed 75712K, reserved 1114112K
  class space    used 10855K, committed 11072K, reserved 1048576K
}
Event: 12.925 {metaspace Before GC invocations=17 (full 0):
 Metaspace       used 80809K, committed 81472K, reserved 1179648K
  class space    used 11730K, committed 12032K, reserved 1048576K
}
Event: 12.954 {metaspace After GC invocations=18 (full 0):
 Metaspace       used 80809K, committed 81472K, reserved 1179648K
  class space    used 11730K, committed 12032K, reserved 1048576K
}
Event: 13.761 {metaspace Before GC invocations=18 (full 0):
 Metaspace       used 81597K, committed 82240K, reserved 1179648K
  class space    used 11848K, committed 12160K, reserved 1048576K
}
Event: 13.792 {metaspace After GC invocations=19 (full 0):
 Metaspace       used 81597K, committed 82240K, reserved 1179648K
  class space    used 11848K, committed 12160K, reserved 1048576K
}
Event: 14.594 {metaspace Before GC invocations=20 (full 0):
 Metaspace       used 82844K, committed 83584K, reserved 1179648K
  class space    used 12066K, committed 12416K, reserved 1048576K
}
Event: 14.611 {metaspace After GC invocations=21 (full 0):
 Metaspace       used 82844K, committed 83584K, reserved 1179648K
  class space    used 12066K, committed 12416K, reserved 1048576K
}
Event: 16.425 {metaspace Before GC invocations=21 (full 0):
 Metaspace       used 88860K, committed 89600K, reserved 1179648K
  class space    used 12912K, committed 13248K, reserved 1048576K
}
Event: 16.449 {metaspace After GC invocations=22 (full 0):
 Metaspace       used 88860K, committed 89600K, reserved 1179648K
  class space    used 12912K, committed 13248K, reserved 1048576K
}

Dll operation events (10 events):
Event: 0.009 Loaded shared library C:\Program Files\Java\jdk-25.0.2\bin\java.dll
Event: 0.066 Loaded shared library C:\Program Files\Java\jdk-25.0.2\bin\net.dll
Event: 0.068 Loaded shared library C:\Program Files\Java\jdk-25.0.2\bin\nio.dll
Event: 0.071 Loaded shared library C:\Program Files\Java\jdk-25.0.2\bin\zip.dll
Event: 0.128 Loaded shared library C:\Program Files\Java\jdk-25.0.2\bin\management.dll
Event: 0.129 Loaded shared library C:\Program Files\Java\jdk-25.0.2\bin\management_ext.dll
Event: 0.149 Loaded shared library C:\Program Files\Java\jdk-25.0.2\bin\jimage.dll
Event: 3.272 Loaded shared library C:\Program Files\Java\jdk-25.0.2\bin\sunmscapi.dll
Event: 16.047 Loaded shared library C:\Program Files\Java\jdk-25.0.2\bin\extnet.dll
Event: 16.156 Loaded shared library C:\Program Files\Java\jdk-25.0.2\bin\verify.dll

Deoptimization events (20 events):
Event: 16.707 Thread 0x000001c3cb68c570 Uncommon trap: trap_request=0xffffffde fr.pc=0x000001c3de034850 relative=0x0000000000000ad0
Event: 16.707 Thread 0x000001c3cb68c570 Uncommon trap: reason=class_check action=maybe_recompile pc=0x000001c3de034850 method=org.springframework.core.annotation.AnnotationsScanner.processClassHierarchy(Ljava/lang/Object;[ILjava/lang/Class;Lorg/springframework/core/annotation/AnnotationsProcess
Event: 16.707 Thread 0x000001c3cb68c570 DEOPT PACKING pc=0x000001c3de034850 sp=0x0000001dcf9fcac0
Event: 16.707 Thread 0x000001c3cb68c570 DEOPT UNPACKING pc=0x000001c3dd86f002 sp=0x0000001dcf9fca90 mode 2
Event: 16.708 Thread 0x000001c3cb68c570 Uncommon trap: trap_request=0xffffffc6 fr.pc=0x000001c3de0b7990 relative=0x0000000000000d90
Event: 16.708 Thread 0x000001c3cb68c570 Uncommon trap: reason=bimorphic_or_optimized_type_check action=maybe_recompile pc=0x000001c3de0b7990 method=org.springframework.core.annotation.TypeMappedAnnotations$AggregatesCollector.addAggregateAnnotations(Ljava/util/List;[Ljava/lang/annotation/Annota
Event: 16.708 Thread 0x000001c3cb68c570 DEOPT PACKING pc=0x000001c3de0b7990 sp=0x0000001dcf9fcba0
Event: 16.708 Thread 0x000001c3cb68c570 DEOPT UNPACKING pc=0x000001c3dd86f002 sp=0x0000001dcf9fc980 mode 2
Event: 16.710 Thread 0x000001c3cb68c570 Uncommon trap: trap_request=0xffffff45 fr.pc=0x000001c3ddff92f4 relative=0x00000000000001f4
Event: 16.710 Thread 0x000001c3cb68c570 Uncommon trap: reason=unstable_if action=reinterpret pc=0x000001c3ddff92f4 method=org.springframework.beans.factory.support.AbstractBeanDefinition.isSingleton()Z @ 22 c2
Event: 16.710 Thread 0x000001c3cb68c570 DEOPT PACKING pc=0x000001c3ddff92f4 sp=0x0000001dcf9fce20
Event: 16.710 Thread 0x000001c3cb68c570 DEOPT UNPACKING pc=0x000001c3dd86f002 sp=0x0000001dcf9fcdc0 mode 2
Event: 16.743 Thread 0x000001c3cb68c570 Uncommon trap: trap_request=0xffffffde fr.pc=0x000001c3dddffde4 relative=0x0000000000001864
Event: 16.743 Thread 0x000001c3cb68c570 Uncommon trap: reason=class_check action=maybe_recompile pc=0x000001c3dddffde4 method=java.util.zip.InflaterInputStream.read([BII)I @ 78 c2
Event: 16.743 Thread 0x000001c3cb68c570 DEOPT PACKING pc=0x000001c3dddffde4 sp=0x0000001dcf9f9f90
Event: 16.744 Thread 0x000001c3cb68c570 DEOPT UNPACKING pc=0x000001c3dd86f002 sp=0x0000001dcf9f9ff0 mode 2
Event: 16.744 Thread 0x000001c3cb68c570 Uncommon trap: trap_request=0xffffffde fr.pc=0x000001c3dddffde4 relative=0x0000000000001864
Event: 16.744 Thread 0x000001c3cb68c570 Uncommon trap: reason=class_check action=maybe_recompile pc=0x000001c3dddffde4 method=java.util.zip.InflaterInputStream.read([BII)I @ 78 c2
Event: 16.744 Thread 0x000001c3cb68c570 DEOPT PACKING pc=0x000001c3dddffde4 sp=0x0000001dcf9f9f90
Event: 16.744 Thread 0x000001c3cb68c570 DEOPT UNPACKING pc=0x000001c3dd86f002 sp=0x0000001dcf9f9ff0 mode 2

Classes loaded (20 events):
Event: 16.732 Loading class java/lang/management/CompilationMXBean
Event: 16.732 Loading class java/lang/management/CompilationMXBean done
Event: 16.732 Loading class java/lang/management/OperatingSystemMXBean
Event: 16.732 Loading class java/lang/management/OperatingSystemMXBean done
Event: 16.732 Loading class javax/management/MBeanServer
Event: 16.732 Loading class javax/management/MBeanServer done
Event: 16.732 Loading class java/lang/management/ThreadMXBean
Event: 16.732 Loading class java/lang/management/ThreadMXBean done
Event: 16.742 Loading class java/util/jar/JarInputStream
Event: 16.743 Loading class java/util/jar/JarInputStream done
Event: 16.745 Loading class java/lang/ProcessBuilder
Event: 16.745 Loading class java/lang/ProcessBuilder done
Event: 16.745 Loading class java/lang/ProcessImpl
Event: 16.746 Loading class java/lang/ProcessImpl done
Event: 16.750 Loading class java/lang/Process$PipeOutputStream
Event: 16.750 Loading class java/lang/Process$PipeOutputStream done
Event: 16.750 Loading class java/lang/Process$PipeInputStream
Event: 16.750 Loading class java/lang/Process$PipeInputStream done
Event: 16.750 Loading class jdk/internal/event/ProcessStartEvent
Event: 16.750 Loading class jdk/internal/event/ProcessStartEvent done

Classes unloaded (0 events):
No events

Classes redefined (0 events):
No events

Internal exceptions (20 events):
Event: 14.371 Thread 0x000001c3cb68c570 Exception <a 'java/lang/NoSuchMethodError'{0x0000000746942718}: 'java.lang.Object java.lang.invoke.DirectMethodHandle$Holder.invokeStatic(java.lang.Object, java.lang.Object, java.lang.Object, java.lang.Object, java.lang.Object, java.lang.Object, java.lang.Object, java.lang.Object, java.lang.Object, java.lang.Object, java.lang.Object, java.lang.Object)'> (0x0000000746942718) 
thrown [s\open\src\hotspot\share\interpreter\linkResolver.cpp, line 804]
Event: 15.773 Thread 0x000001c3cb68c570 Exception <a 'java/lang/IncompatibleClassChangeError'{0x0000000747e4f120}: Found class java.lang.Object, but interface was expected> (0x0000000747e4f120) 
thrown [s\open\src\hotspot\share\interpreter\linkResolver.cpp, line 871]
Event: 15.927 Thread 0x000001c3cb68c570 Exception <a 'java/lang/NoSuchMethodError'{0x0000000746ee5cd0}: 'double java.lang.invoke.DirectMethodHandle$Holder.invokeVirtual(java.lang.Object, java.lang.Object)'> (0x0000000746ee5cd0) 
thrown [s\open\src\hotspot\share\interpreter\linkResolver.cpp, line 804]
Event: 15.944 Thread 0x000001c3cb68c570 Exception <a 'java/lang/NoSuchMethodError'{0x0000000746f99a48}: 'long java.lang.invoke.DirectMethodHandle$Holder.invokeVirtual(java.lang.Object, java.lang.Object)'> (0x0000000746f99a48) 
thrown [s\open\src\hotspot\share\interpreter\linkResolver.cpp, line 804]
Event: 15.966 Thread 0x000001c3cb68c570 Exception <a 'sun/nio/fs/WindowsException'{0x0000000746ce59e8}> (0x0000000746ce59e8) 
thrown [s\open\src\hotspot\share\prims\jni.cpp, line 516]
Event: 16.037 Thread 0x000001c3cb68c570 Exception <a 'java/lang/NoSuchMethodError'{0x0000000746533b78}: 'java.lang.Object java.lang.invoke.DirectMethodHandle$Holder.invokeStatic(java.lang.Object, java.lang.Object, java.lang.Object, java.lang.Object, int, java.lang.Object, java.lang.Object)'> (0x0000000746533b78) 
thrown [s\open\src\hotspot\share\interpreter\linkResolver.cpp, line 804]
Event: 16.077 Thread 0x000001c3cb68c570 Exception <a 'java/lang/NoSuchMethodError'{0x00000007462c1a10}: 'int java.lang.invoke.DirectMethodHandle$Holder.invokeStatic(java.lang.Object, int, int, int, int)'> (0x00000007462c1a10) 
thrown [s\open\src\hotspot\share\interpreter\linkResolver.cpp, line 804]
Event: 16.321 Thread 0x000001c3cb68c570 Exception <a 'java/lang/NoSuchMethodError'{0x00000007459ff138}: 'java.lang.Object java.lang.invoke.DirectMethodHandle$Holder.invokeStatic(java.lang.Object, int, java.lang.Object)'> (0x00000007459ff138) 
thrown [s\open\src\hotspot\share\interpreter\linkResolver.cpp, line 804]
Event: 16.338 Thread 0x000001c3cb68c570 Exception <a 'java/lang/NoSuchMethodError'{0x000000074566f508}: 'java.lang.Object java.lang.invoke.DirectMethodHandle$Holder.invokeStatic(java.lang.Object, int, int)'> (0x000000074566f508) 
thrown [s\open\src\hotspot\share\interpreter\linkResolver.cpp, line 804]
Event: 16.374 Thread 0x000001c3cb68c570 Exception <a 'java/lang/NoSuchMethodError'{0x00000007457b66f8}: 'java.lang.Object java.lang.invoke.DelegatingMethodHandle$Holder.reinvoke_L(java.lang.Object, int, int, long, java.lang.Object, long, long, long)'> (0x00000007457b66f8) 
thrown [s\open\src\hotspot\share\interpreter\linkResolver.cpp, line 804]
Event: 16.377 Thread 0x000001c3cb68c570 Exception <a 'java/lang/NoSuchMethodError'{0x00000007457fbf30}: 'java.lang.Object java.lang.invoke.DelegatingMethodHandle$Holder.reinvoke_L(java.lang.Object, java.lang.Object, java.lang.Object, java.lang.Object, java.lang.Object, java.lang.Object, java.lang.Object, java.lang.Object, java.lang.Object, java.lang.Object, java.lang.Object, java.lang.Object, java.lang.Object, java.lang.Object, int, java.lang.Object, java.lang.Object, java.lang.Object, java.lang.Object, java.lang.Object, java.lang.Object, java.l
Event: 16.380 Thread 0x000001c3cb68c570 Exception <a 'java/lang/NoSuchMethodError'{0x00000007454777a0}: 'java.lang.Object java.lang.invoke.DirectMethodHandle$Holder.invokeStatic(java.lang.Object, java.lang.Object, java.lang.Object, java.lang.Object, java.lang.Object, java.lang.Object, java.lang.Object, java.lang.Object, java.lang.Object, java.lang.Object, java.lang.Object, java.lang.Object, java.lang.Object)'> (0x00000007454777a0) 
thrown [s\open\src\hotspot\share\interpreter\linkResolver.cpp, line 804]
Event: 16.382 Thread 0x000001c3cb68c570 Exception <a 'java/lang/NoSuchMethodError'{0x00000007454a2c28}: 'java.lang.Object java.lang.invoke.DirectMethodHandle$Holder.invokeStatic(java.lang.Object, java.lang.Object, java.lang.Object, java.lang.Object, java.lang.Object, java.lang.Object, java.lang.Object, java.lang.Object, java.lang.Object, java.lang.Object, java.lang.Object, java.lang.Object, java.lang.Object, java.lang.Object)'> (0x00000007454a2c28) 
thrown [s\open\src\hotspot\share\interpreter\linkResolver.cpp, line 804]
Event: 16.384 Thread 0x000001c3cb68c570 Exception <a 'java/lang/NoSuchMethodError'{0x00000007454c8650}: 'java.lang.Object java.lang.invoke.DelegatingMethodHandle$Holder.reinvoke_L(java.lang.Object, java.lang.Object, java.lang.Object, java.lang.Object, java.lang.Object, java.lang.Object, java.lang.Object, java.lang.Object, java.lang.Object, java.lang.Object, java.lang.Object, java.lang.Object, java.lang.Object, java.lang.Object, java.lang.Object, java.lang.Object, java.lang.Object, java.lang.Object, java.lang.Object, java.lang.Object, java.lang.O
Event: 16.453 Thread 0x000001c3ebac7450 Implicit null exception at 0x000001c3de1000ad to 0x000001c3de10021c
Event: 16.499 Thread 0x000001c3f2d043b0 Exception <a 'java/lang/NoSuchMethodError'{0x000000074d7db6b8}: 'long java.lang.invoke.DelegatingMethodHandle$Holder.reinvoke_L(java.lang.Object, java.lang.Object)'> (0x000000074d7db6b8) 
thrown [s\open\src\hotspot\share\interpreter\linkResolver.cpp, line 804]
Event: 16.593 Thread 0x000001c3cb68c570 Exception <a 'java/lang/NoSuchMethodError'{0x0000000748e9b398}: 'int java.lang.invoke.DirectMethodHandle$Holder.invokeStatic(java.lang.Object, java.lang.Object, int, int)'> (0x0000000748e9b398) 
thrown [s\open\src\hotspot\share\interpreter\linkResolver.cpp, line 804]
Event: 16.618 Thread 0x000001c3cb68c570 Implicit null exception at 0x000001c3ddec14a4 to 0x000001c3ddec15dc
Event: 16.692 Thread 0x000001c3cb68c570 Implicit null exception at 0x000001c3ddf3cd6c to 0x000001c3ddf426fc
Event: 16.749 Thread 0x000001c3cb68c570 Exception <a 'java/lang/NoSuchMethodError'{0x00000007488443e8}: 'void java.lang.invoke.DirectMethodHandle$Holder.invokeStatic(java.lang.Object, long)'> (0x00000007488443e8) 
thrown [s\open\src\hotspot\share\interpreter\linkResolver.cpp, line 804]

VM Operations (20 events):
Event: 13.761 Executing safepoint VM operation: G1CollectForAllocation (G1 Evacuation Pause)
Event: 13.793 Executing safepoint VM operation: G1CollectForAllocation (G1 Evacuation Pause) done
Event: 13.896 Executing safepoint VM operation: G1PauseRemark
Event: 13.909 Executing safepoint VM operation: G1PauseRemark done
Event: 13.945 Executing safepoint VM operation: G1PauseCleanup
Event: 13.945 Executing safepoint VM operation: G1PauseCleanup done
Event: 14.389 Executing non-safepoint VM operation: HandshakeAllThreads (Deoptimize)
Event: 14.390 Executing non-safepoint VM operation: HandshakeAllThreads (Deoptimize) done
Event: 14.594 Executing safepoint VM operation: G1CollectForAllocation (G1 Evacuation Pause)
Event: 14.611 Executing safepoint VM operation: G1CollectForAllocation (G1 Evacuation Pause) done
Event: 15.967 Executing non-safepoint VM operation: HandshakeAllThreads (Deoptimize)
Event: 15.967 Executing non-safepoint VM operation: HandshakeAllThreads (Deoptimize) done
Event: 16.247 Executing non-safepoint VM operation: HandshakeAllThreads (Deoptimize)
Event: 16.247 Executing non-safepoint VM operation: HandshakeAllThreads (Deoptimize) done
Event: 16.425 Executing safepoint VM operation: G1CollectForAllocation (G1 Evacuation Pause)
Event: 16.449 Executing safepoint VM operation: G1CollectForAllocation (G1 Evacuation Pause) done
Event: 16.569 Executing non-safepoint VM operation: HandshakeAllThreads (Deoptimize)
Event: 16.570 Executing non-safepoint VM operation: HandshakeAllThreads (Deoptimize) done
Event: 16.743 Executing non-safepoint VM operation: HandshakeAllThreads (Deoptimize)
Event: 16.743 Executing non-safepoint VM operation: HandshakeAllThreads (Deoptimize) done

Memory protections (0 events):
No events

Nmethod flushes (20 events):
Event: 13.908 Thread 0x000001c3ebaaf170 flushing  nmethod 0x000001c3d6a3d708
Event: 13.908 Thread 0x000001c3ebaaf170 flushing  nmethod 0x000001c3d6a40208
Event: 13.908 Thread 0x000001c3ebaaf170 flushing  nmethod 0x000001c3d6a49408
Event: 13.908 Thread 0x000001c3ebaaf170 flushing  nmethod 0x000001c3d6a4dd88
Event: 13.908 Thread 0x000001c3ebaaf170 flushing  nmethod 0x000001c3d6aac008
Event: 13.908 Thread 0x000001c3ebaaf170 flushing  nmethod 0x000001c3d6aacc88
Event: 13.908 Thread 0x000001c3ebaaf170 flushing  nmethod 0x000001c3d6afd088
Event: 13.908 Thread 0x000001c3ebaaf170 flushing  nmethod 0x000001c3d6afdd08
Event: 13.908 Thread 0x000001c3ebaaf170 flushing  nmethod 0x000001c3d6afe488
Event: 13.908 Thread 0x000001c3ebaaf170 flushing  nmethod 0x000001c3d6afed08
Event: 13.908 Thread 0x000001c3ebaaf170 flushing  nmethod 0x000001c3d6aff788
Event: 13.908 Thread 0x000001c3ebaaf170 flushing  nmethod 0x000001c3d6b85a08
Event: 13.908 Thread 0x000001c3ebaaf170 flushing  nmethod 0x000001c3d6b9c288
Event: 13.908 Thread 0x000001c3ebaaf170 flushing  nmethod 0x000001c3d6bb4d08
Event: 13.908 Thread 0x000001c3ebaaf170 flushing  nmethod 0x000001c3d6bb5408
Event: 13.908 Thread 0x000001c3ebaaf170 flushing  nmethod 0x000001c3d6bbe488
Event: 13.908 Thread 0x000001c3ebaaf170 flushing  nmethod 0x000001c3d6bc0008
Event: 13.908 Thread 0x000001c3ebaaf170 flushing  nmethod 0x000001c3d6be3a88
Event: 13.908 Thread 0x000001c3ebaaf170 flushing  nmethod 0x000001c3d6bf2308
Event: 13.908 Thread 0x000001c3ebaaf170 flushing  nmethod 0x000001c3d6bf5088

Events (20 events):
Event: 6.727 Thread 0x000001c3f36a3790 Thread added: 0x000001c3f36a2fc0
Event: 7.654 Thread 0x000001c3f2256c60 Thread exited: 0x000001c3f2256c60
Event: 7.961 Thread 0x000001c3f318cae0 Thread exited: 0x000001c3f318cae0
Event: 8.395 Thread 0x000001c3cb68c570 Thread added: 0x000001c3f0f396b0
Event: 8.396 Thread 0x000001c3f0f396b0 Thread exited: 0x000001c3f0f396b0
Event: 8.426 Thread 0x000001c3ebaf4700 Thread added: 0x000001c3ebad1a90
Event: 8.426 Thread 0x000001c3ebad0210 Thread added: 0x000001c3ebad4af0
Event: 9.766 Thread 0x000001c3cb68c570 Thread added: 0x000001c3ebacab00
Event: 10.339 Thread 0x000001c3ebad4af0 Thread exited: 0x000001c3ebad4af0
Event: 10.339 Thread 0x000001c3ebad1a90 Thread exited: 0x000001c3ebad1a90
Event: 10.776 Thread 0x000001c3ebaf4700 Thread added: 0x000001c3ebad3ad0
Event: 10.782 Thread 0x000001c3ebaf4700 Thread added: 0x000001c3ebad42e0
Event: 12.012 Thread 0x000001c3f36a2fc0 Thread exited: 0x000001c3f36a2fc0
Event: 15.694 Thread 0x000001c3ebad42e0 Thread exited: 0x000001c3ebad42e0
Event: 15.931 Thread 0x000001c3cb68c570 Thread added: 0x000001c3f2d014d0
Event: 15.953 Thread 0x000001c3cb68c570 Thread added: 0x000001c3f2d01ca0
Event: 16.211 Thread 0x000001c3ebaf4700 Thread added: 0x000001c3ebad1a90
Event: 16.402 Thread 0x000001c3cb68c570 Thread added: 0x000001c3f2d02c40
Event: 16.403 Thread 0x000001c3cb68c570 Thread added: 0x000001c3f2cff590
Event: 16.406 Thread 0x000001c3cb68c570 Thread added: 0x000001c3f2d043b0


Dynamic libraries:
0x00007ff60a340000 - 0x00007ff60a350000 	C:\Program Files\Java\jdk-25.0.2\bin\java.exe
0x00007ffce5070000 - 0x00007ffce5268000 	C:\Windows\SYSTEM32\ntdll.dll
0x00007ffce3610000 - 0x00007ffce36d2000 	C:\Windows\System32\KERNEL32.DLL
0x00007ffce2960000 - 0x00007ffce2c56000 	C:\Windows\System32\KERNELBASE.dll
0x00007ffce2f90000 - 0x00007ffce3090000 	C:\Windows\System32\ucrtbase.dll
0x00007ffcdf680000 - 0x00007ffcdf697000 	C:\Program Files\Java\jdk-25.0.2\bin\jli.dll
0x00007ffcdf220000 - 0x00007ffcdf23e000 	C:\Program Files\Java\jdk-25.0.2\bin\VCRUNTIME140.dll
0x00007ffce42f0000 - 0x00007ffce4491000 	C:\Windows\System32\USER32.dll
0x00007ffce2880000 - 0x00007ffce28a2000 	C:\Windows\System32\win32u.dll
0x00007ffcccb00000 - 0x00007ffcccd9b000 	C:\Windows\WinSxS\amd64_microsoft.windows.common-controls_6595b64144ccf1df_6.0.19041.6456_none_60b8a6cb71f64256\COMCTL32.dll
0x00007ffce36e0000 - 0x00007ffce370b000 	C:\Windows\System32\GDI32.dll
0x00007ffce47e0000 - 0x00007ffce487e000 	C:\Windows\System32\msvcrt.dll
0x00007ffce2e70000 - 0x00007ffce2f89000 	C:\Windows\System32\gdi32full.dll
0x00007ffce2700000 - 0x00007ffce279d000 	C:\Windows\System32\msvcp_win.dll
0x00007ffce47b0000 - 0x00007ffce47df000 	C:\Windows\System32\IMM32.DLL
0x00007ffcdee40000 - 0x00007ffcdee4c000 	C:\Program Files\Java\jdk-25.0.2\bin\vcruntime140_1.dll
0x00007ffccbeb0000 - 0x00007ffccbf3d000 	C:\Program Files\Java\jdk-25.0.2\bin\msvcp140.dll
0x00007ffc558c0000 - 0x00007ffc5671f000 	C:\Program Files\Java\jdk-25.0.2\bin\server\jvm.dll
0x00007ffce41d0000 - 0x00007ffce4281000 	C:\Windows\System32\ADVAPI32.dll
0x00007ffce3100000 - 0x00007ffce319f000 	C:\Windows\System32\sechost.dll
0x00007ffce4f00000 - 0x00007ffce5020000 	C:\Windows\System32\RPCRT4.dll
0x00007ffce2c60000 - 0x00007ffce2c87000 	C:\Windows\System32\bcrypt.dll
0x00007ffce3090000 - 0x00007ffce30fb000 	C:\Windows\System32\WS2_32.dll
0x00007ffce1c50000 - 0x00007ffce1c9b000 	C:\Windows\SYSTEM32\POWRPROF.dll
0x00007ffccdca0000 - 0x00007ffccdcc7000 	C:\Windows\SYSTEM32\WINMM.dll
0x00007ffcde4c0000 - 0x00007ffcde4ca000 	C:\Windows\SYSTEM32\VERSION.dll
0x00007ffce1ac0000 - 0x00007ffce1ad2000 	C:\Windows\SYSTEM32\UMPDC.dll
0x00007ffce0ed0000 - 0x00007ffce0ee2000 	C:\Windows\SYSTEM32\kernel.appcore.dll
0x00007ffcdee30000 - 0x00007ffcdee3a000 	C:\Program Files\Java\jdk-25.0.2\bin\jimage.dll
0x00007ffce0410000 - 0x00007ffce0611000 	C:\Windows\SYSTEM32\DBGHELP.DLL
0x00007ffccee30000 - 0x00007ffccee64000 	C:\Windows\SYSTEM32\dbgcore.DLL
0x00007ffce27f0000 - 0x00007ffce2872000 	C:\Windows\System32\bcryptPrimitives.dll
0x00007ffcdb290000 - 0x00007ffcdb2af000 	C:\Program Files\Java\jdk-25.0.2\bin\java.dll
0x00007ffce37f0000 - 0x00007ffce391b000 	C:\Windows\System32\ole32.dll
0x00007ffce4a50000 - 0x00007ffce4da4000 	C:\Windows\System32\combase.dll
0x00007ffce39e0000 - 0x00007ffce4150000 	C:\Windows\System32\SHELL32.dll
0x00007ffce0710000 - 0x00007ffce0eb5000 	C:\Windows\SYSTEM32\windows.storage.dll
0x00007ffce2050000 - 0x00007ffce207b000 	C:\Windows\SYSTEM32\Wldp.dll
0x00007ffce4500000 - 0x00007ffce45cd000 	C:\Windows\System32\OLEAUT32.dll
0x00007ffce49a0000 - 0x00007ffce4a4d000 	C:\Windows\System32\SHCORE.dll
0x00007ffce44a0000 - 0x00007ffce44fb000 	C:\Windows\System32\shlwapi.dll
0x00007ffce2630000 - 0x00007ffce2654000 	C:\Windows\SYSTEM32\profapi.dll
0x00007ffcd0110000 - 0x00007ffcd0122000 	C:\Program Files\Java\jdk-25.0.2\bin\net.dll
0x00007ffce1e30000 - 0x00007ffce1e9a000 	C:\Windows\system32\mswsock.dll
0x00007ffcd0030000 - 0x00007ffcd0046000 	C:\Program Files\Java\jdk-25.0.2\bin\nio.dll
0x00007ffccfef0000 - 0x00007ffccff07000 	C:\Program Files\Java\jdk-25.0.2\bin\zip.dll
0x00007ffcd0f80000 - 0x00007ffcd0f8a000 	C:\Program Files\Java\jdk-25.0.2\bin\management.dll
0x00007ffcd0e10000 - 0x00007ffcd0e1c000 	C:\Program Files\Java\jdk-25.0.2\bin\management_ext.dll
0x00007ffce5020000 - 0x00007ffce5028000 	C:\Windows\System32\PSAPI.DLL
0x00007ffce1ae0000 - 0x00007ffce1b1b000 	C:\Windows\SYSTEM32\IPHLPAPI.DLL
0x00007ffce4db0000 - 0x00007ffce4db8000 	C:\Windows\System32\NSI.dll
0x00007ffce1b20000 - 0x00007ffce1bea000 	C:\Windows\SYSTEM32\DNSAPI.dll
0x00007ffcd25a0000 - 0x00007ffcd25ae000 	C:\Program Files\Java\jdk-25.0.2\bin\sunmscapi.dll
0x00007ffce2d10000 - 0x00007ffce2e6d000 	C:\Windows\System32\CRYPT32.dll
0x00007ffce21a0000 - 0x00007ffce21c7000 	C:\Windows\SYSTEM32\ncrypt.dll
0x00007ffce2160000 - 0x00007ffce219b000 	C:\Windows\SYSTEM32\NTASN1.dll
0x00007ffcda3f0000 - 0x00007ffcda3fa000 	C:\Windows\System32\rasadhlp.dll
0x00007ffcd9350000 - 0x00007ffcd93d0000 	C:\Windows\System32\fwpuclnt.dll
0x00007ffce2090000 - 0x00007ffce20a8000 	C:\Windows\SYSTEM32\CRYPTSP.dll
0x00007ffce1700000 - 0x00007ffce1738000 	C:\Windows\system32\rsaenh.dll
0x00007ffce25f0000 - 0x00007ffce261e000 	C:\Windows\SYSTEM32\USERENV.dll
0x00007ffce1fc0000 - 0x00007ffce1fcc000 	C:\Windows\SYSTEM32\CRYPTBASE.dll
0x00007ffcd2140000 - 0x00007ffcd2149000 	C:\Program Files\Java\jdk-25.0.2\bin\extnet.dll
0x00007ffccdbe0000 - 0x00007ffccdbf0000 	C:\Program Files\Java\jdk-25.0.2\bin\verify.dll

JVMTI agents: none

dbghelp: loaded successfully - version: 4.0.5 - missing functions: none
symbol engine: initialized successfully - sym options: 0x614 - pdb path: .;C:\Program Files\Java\jdk-25.0.2\bin;C:\Windows\SYSTEM32;C:\Windows\WinSxS\amd64_microsoft.windows.common-controls_6595b64144ccf1df_6.0.19041.6456_none_60b8a6cb71f64256;C:\Program Files\Java\jdk-25.0.2\bin\server

VM Arguments:
jvm_args: -Dfile.encoding=IBM850 
java_command: C:\Users\ILYEX\AppData\Local\Temp\surefire283035827093683555\surefirebooter-20260407053835899_3.jar C:\Users\ILYEX\AppData\Local\Temp\surefire283035827093683555 2026-04-07T05-38-35_216-jvmRun1 surefire-20260407053835899_1tmp surefire_0-20260407053835899_2tmp
java_class_path (initial): C:\Users\ILYEX\AppData\Local\Temp\surefire283035827093683555\surefirebooter-20260407053835899_3.jar
Launcher Type: SUN_STANDARD

[Global flags]
     intx CICompilerCount                          = 4                                         {product} {ergonomic}
     uint ConcGCThreads                            = 2                                         {product} {ergonomic}
     uint G1ConcRefinementThreads                  = 8                                         {product} {ergonomic}
   size_t G1HeapRegionSize                         = 2097152                                   {product} {ergonomic}
   size_t InitialHeapSize                          = 201326592                                 {product} {ergonomic}
   size_t MarkStackSize                            = 4194304                                   {product} {ergonomic}
   size_t MarkStackSizeMax                         = 536870912                                 {product} {ergonomic}
   size_t MaxHeapSize                              = 3196059648                                {product} {ergonomic}
   size_t MaxNewSize                               = 1916796928                                {product} {ergonomic}
   size_t MinHeapDeltaBytes                        = 2097152                                   {product} {ergonomic}
   size_t MinHeapSize                              = 8388608                                   {product} {ergonomic}
    uintx NonNMethodCodeHeapSize                   = 5832704                                {pd product} {ergonomic}
    uintx NonProfiledCodeHeapSize                  = 122945536                              {pd product} {ergonomic}
    uintx ProfiledCodeHeapSize                     = 122880000                              {pd product} {ergonomic}
    uintx ReservedCodeCacheSize                    = 251658240                              {pd product} {ergonomic}
     bool SegmentedCodeCache                       = true                                      {product} {ergonomic}
   size_t SoftMaxHeapSize                          = 3196059648                             {manageable} {ergonomic}
     bool UseCompressedOops                        = true                           {product lp64_product} {ergonomic}
     bool UseG1GC                                  = true                                      {product} {ergonomic}
     bool UseLargePagesIndividualAllocation        = false                                  {pd product} {ergonomic}

Logging:
Log output configuration:
 #0: stdout all=warning uptime,level,tags foldmultilines=false
 #1: stderr all=off uptime,level,tags foldmultilines=false

Release file:
IMPLEMENTOR="Oracle Corporation" 
JAVA_RUNTIME_VERSION="25.0.2+10-LTS-69" 
JAVA_VERSION="25.0.2" 
JAVA_VERSION_DATE="2026-01-20" 
LIBC="default" 
MODULES="java.base java.compiler java.datatransfer java.xml java.prefs java.desktop java.instrument java.logging java.management java.security.sasl java.naming java.rmi java.management.rmi java.net.http java.scripting java.security.jgss java.transaction.xa java.sql java.sql.rowset java.xml.crypto java.se java.smartcardio jdk.accessibility jdk.internal.jvmstat jdk.attach jdk.charsets jdk.internal.opt jdk.zipfs jdk.compiler jdk.crypto.cryptoki jdk.crypto.ec jdk.crypto.mscapi jdk.dynalink jdk.internal.ed jdk.editpad jdk.internal.vm.ci jdk.graal.compiler jdk.graal.compiler.management jdk.hotspot.agent jdk.httpserver jdk.incubator.vector jdk.internal.le jdk.internal.md jdk.jartool jdk.javadoc jdk.jcmd jdk.management jdk.management.agent jdk.jconsole jdk.jdeps jdk.jdwp.agent jdk.jdi jdk.jfr jdk.jlink jdk.jpackage jdk.jshell jdk.jsobject jdk.jstatd jdk.localedata jdk.management.jfr jdk.naming.dns jdk.naming.rmi jdk.net jdk.nio.mapmode jdk.sctp jdk.security.auth jdk.security.jgss jdk.unsupported jdk.unsupported.desktop jdk.xml.dom" 
OS_ARCH="x86_64" 
OS_NAME="Windows" 
SOURCE=".:git:b75efb40c93a open:git:405a5699ebd0" 

Environment Variables:
JAVA_HOME=C:\Program Files\Java\jdk-25.0.2
JAVA_TOOL_OPTIONS=-Dfile.encoding=IBM850
PATH=C:\app\ILYEX\product\21c\dbhomeXE\bin;C:\Program Files\Common Files\Oracle\Java\javapath;C:\Windows\system32;C:\Windows;C:\Windows\System32\Wbem;C:\Windows\System32\WindowsPowerShell\v1.0\;C:\Windows\System32\OpenSSH\;C:\Program Files (x86)\ZeroTier\One\;C:\ffmpeg-8.0-full_build\ffmpeg-8.0-full_build\bin;C:\Program Files\Docker\Docker\resources\bin;C:\Program Files\Git\cmd;C:\Users\ILYEX\AppData\Local\nvm;C:\nvm4w\nodejs;C:\Program Files\Calibre2\;C:\Users\ILYEX\AppData\Local\Microsoft\WindowsApps;C:\Users\ILYEX\AppData\Local\Programs\Microsoft VS Code\bin;C:\Users\ILYEX\AppData\Local\Python\bin;C:\Program Files (x86)\idea-2025.3.2.win\bin;C:\tools;C:\Program Files\VideoLAN\VLC;C:\Users\ILYEX\AppData\Local\nvm;C:\nvm4w\nodejs;C:\Program Files\Mosquitto;
USERNAME=ILYEX
OS=Windows_NT
PROCESSOR_IDENTIFIER=Intel64 Family 6 Model 142 Stepping 10, GenuineIntel
TMP=C:\Users\ILYEX\AppData\Local\Temp
TEMP=C:\Users\ILYEX\AppData\Local\Temp




Compilation memory statistics disabled.

Periodic native trim disabled

---------------  S Y S T E M  ---------------

OS:
 Windows 10 , 64 bit Build 19041 (10.0.19041.5915)
OS uptime: 0 days 4:33 hours
Hyper-V role detected

CPU: total 8 (initial active 8) (4 cores per cpu, 2 threads per core) family 6 model 142 stepping 10 microcode 0xf6, cx8, cmov, fxsr, ht, mmx, 3dnowpref, sse, sse2, sse3, ssse3, sse4.1, sse4.2, popcnt, lzcnt, tsc, tscinvbit, avx, avx2, aes, erms, clmul, bmi1, bmi2, adx, fma, vzeroupper, clflush, clflushopt, hv, rdtscp, f16c
Processor Information for the first 8 processors :
  Max Mhz: 1801, Current Mhz: 1801, Mhz Limit: 1801

Memory: 4k page, system-wide physical 12190M (670M free)
TotalPageFile size 16286M (AvailPageFile size 280M)
current process WorkingSet (physical memory assigned to process): 365M, peak: 375M
current process commit charge ("private bytes"): 407M, peak: 426M

vm_info: Java HotSpot(TM) 64-Bit Server VM (25.0.2+10-LTS-69) for windows-amd64 JRE (25.0.2+10-LTS-69), built on 2025-12-18T11:36:35Z with MS VC++ 17.13 (VS2022)

END.
